<?xml version="1.0" encoding="UTF-8"?>
<testng-results ignored="0" total="2" passed="2" failed="0" skipped="0">
  <reporter-output>
  </reporter-output>
  <suite started-at="2025-08-21T13:30:03 IST" name="Default suite" finished-at="2025-08-21T13:30:15 IST" duration-ms="11397">
    <groups>
    </groups>
    <test started-at="2025-08-21T13:30:03 IST" name="Default test" finished-at="2025-08-21T13:30:15 IST" duration-ms="11397">
      <class name="com.Member4Task.DemoShopTest">
        <test-method is-config="true" signature="setUp()[pri:0, instance:com.Member4Task.DemoShopTest@206a70ef]" started-at="2025-08-21T13:30:04 IST" name="setUp" finished-at="2025-08-21T13:30:07 IST" duration-ms="3938" status="PASS">
          <reporter-output>
          </reporter-output>
        </test-method> <!-- setUp -->
        <test-method signature="testSearchBoxExists()[pri:0, instance:com.Member4Task.DemoShopTest@206a70ef]" started-at="2025-08-21T13:30:07 IST" name="testSearchBoxExists" finished-at="2025-08-21T13:30:09 IST" duration-ms="1707" status="PASS">
          <reporter-output>
          </reporter-output>
        </test-method> <!-- testSearchBoxExists -->
        <test-method is-config="true" signature="tearDown()[pri:0, instance:com.Member4Task.DemoShopTest@206a70ef]" started-at="2025-08-21T13:30:09 IST" name="tearDown" finished-at="2025-08-21T13:30:10 IST" duration-ms="497" status="PASS">
          <reporter-output>
          </reporter-output>
        </test-method> <!-- tearDown -->
        <test-method is-config="true" signature="setUp()[pri:0, instance:com.Member4Task.DemoShopTest@206a70ef]" started-at="2025-08-21T13:30:10 IST" name="setUp" finished-at="2025-08-21T13:30:14 IST" duration-ms="4818" status="PASS">
          <reporter-output>
          </reporter-output>
        </test-method> <!-- setUp -->
        <test-method signature="testTitle()[pri:0, instance:com.Member4Task.DemoShopTest@206a70ef]" started-at="2025-08-21T13:30:14 IST" name="testTitle" finished-at="2025-08-21T13:30:15 IST" duration-ms="46" status="PASS">
          <reporter-output>
          </reporter-output>
        </test-method> <!-- testTitle -->
        <test-method is-config="true" signature="tearDown()[pri:0, instance:com.Member4Task.DemoShopTest@206a70ef]" started-at="2025-08-21T13:30:15 IST" name="tearDown" finished-at="2025-08-21T13:30:15 IST" duration-ms="326" status="PASS">
          <reporter-output>
          </reporter-output>
        </test-method> <!-- tearDown -->
      </class> <!-- com.Member4Task.DemoShopTest -->
    </test> <!-- Default test -->
  </suite> <!-- Default suite -->
</testng-results>
